{"D:\\Laboratory\\Webwork\\javascript\\testing\\kent-c-dodds-testing-react-app-v2\\testing-simple-calculator-app\\calculator\\src\\auto-scaling-text.js": {"path":"D:\\Laboratory\\Webwork\\javascript\\testing\\kent-c-dodds-testing-react-app-v2\\testing-simple-calculator-app\\calculator\\src\\auto-scaling-text.js","statementMap":{"0":{"start":{"line":10,"column":20},"end":{"line":10,"column":30}},"1":{"start":{"line":12,"column":17},"end":{"line":12,"column":26}},"2":{"start":{"line":13,"column":23},"end":{"line":13,"column":38}},"3":{"start":{"line":15,"column":27},"end":{"line":15,"column":49}},"4":{"start":{"line":16,"column":24},"end":{"line":16,"column":40}},"5":{"start":{"line":17,"column":24},"end":{"line":17,"column":52}},"6":{"start":{"line":19,"column":4},"end":{"line":19,"column":37}},"7":{"start":{"line":19,"column":31},"end":{"line":19,"column":37}},"8":{"start":{"line":21,"column":4},"end":{"line":25,"column":5}},"9":{"start":{"line":22,"column":6},"end":{"line":22,"column":41}},"10":{"start":{"line":23,"column":11},"end":{"line":25,"column":5}},"11":{"start":{"line":24,"column":6},"end":{"line":24,"column":31}},"12":{"start":{"line":29,"column":20},"end":{"line":29,"column":30}},"13":{"start":{"line":31,"column":4},"end":{"line":39,"column":5}},"14":{"start":{"line":35,"column":22},"end":{"line":35,"column":38}}},"fnMap":{"0":{"name":"(anonymous_0)","decl":{"start":{"line":9,"column":2},"end":{"line":9,"column":3}},"loc":{"start":{"line":9,"column":23},"end":{"line":26,"column":3}},"line":9},"1":{"name":"(anonymous_1)","decl":{"start":{"line":28,"column":2},"end":{"line":28,"column":3}},"loc":{"start":{"line":28,"column":11},"end":{"line":40,"column":3}},"line":28},"2":{"name":"(anonymous_2)","decl":{"start":{"line":35,"column":13},"end":{"line":35,"column":14}},"loc":{"start":{"line":35,"column":22},"end":{"line":35,"column":38}},"line":35}},"branchMap":{"0":{"loc":{"start":{"line":19,"column":4},"end":{"line":19,"column":37}},"type":"if","locations":[{"start":{"line":19,"column":4},"end":{"line":19,"column":37}},{"start":{"line":19,"column":4},"end":{"line":19,"column":37}}],"line":19},"1":{"loc":{"start":{"line":21,"column":4},"end":{"line":25,"column":5}},"type":"if","locations":[{"start":{"line":21,"column":4},"end":{"line":25,"column":5}},{"start":{"line":21,"column":4},"end":{"line":25,"column":5}}],"line":21},"2":{"loc":{"start":{"line":23,"column":11},"end":{"line":25,"column":5}},"type":"if","locations":[{"start":{"line":23,"column":11},"end":{"line":25,"column":5}},{"start":{"line":23,"column":11},"end":{"line":25,"column":5}}],"line":23}},"s":{"0":0,"1":0,"2":0,"3":0,"4":0,"5":0,"6":0,"7":0,"8":0,"9":0,"10":0,"11":0,"12":2,"13":2,"14":2},"f":{"0":0,"1":2,"2":2},"b":{"0":[0,0],"1":[0,0],"2":[0,0]},"_coverageSchema":"332fd63041d2c1bcb487cc26dd0d5f7d97098a6c","hash":"6efe1c8de97935eaa8800d91014af449e9ae30dc"}
,"D:\\Laboratory\\Webwork\\javascript\\testing\\kent-c-dodds-testing-react-app-v2\\testing-simple-calculator-app\\calculator\\src\\calculator-display.js": {"path":"D:\\Laboratory\\Webwork\\javascript\\testing\\kent-c-dodds-testing-react-app-v2\\testing-simple-calculator-app\\calculator\\src\\calculator-display.js","statementMap":{"0":{"start":{"line":8,"column":30},"end":{"line":8,"column":40}},"1":{"start":{"line":9,"column":27},"end":{"line":9,"column":71}},"2":{"start":{"line":11,"column":4},"end":{"line":15,"column":5}}},"fnMap":{"0":{"name":"(anonymous_0)","decl":{"start":{"line":7,"column":2},"end":{"line":7,"column":3}},"loc":{"start":{"line":7,"column":11},"end":{"line":16,"column":3}},"line":7}},"branchMap":{},"s":{"0":1,"1":1,"2":1},"f":{"0":1},"b":{},"_coverageSchema":"332fd63041d2c1bcb487cc26dd0d5f7d97098a6c","hash":"2c00a3b39bc50ea1ee4fab566946db600479ac87"}
,"D:\\Laboratory\\Webwork\\javascript\\testing\\kent-c-dodds-testing-react-app-v2\\testing-simple-calculator-app\\calculator\\src\\calculator.js": {"path":"D:\\Laboratory\\Webwork\\javascript\\testing\\kent-c-dodds-testing-react-app-v2\\testing-simple-calculator-app\\calculator\\src\\calculator.js","statementMap":{"0":{"start":{"line":9,"column":26},"end":{"line":12,"column":2}},"1":{"start":{"line":10,"column":16},"end":{"line":10,"column":71}},"2":{"start":{"line":10,"column":59},"end":{"line":10,"column":70}},"3":{"start":{"line":11,"column":17},"end":{"line":11,"column":68}},"4":{"start":{"line":16,"column":48},"end":{"line":16,"column":58}},"5":{"start":{"line":18,"column":4},"end":{"line":22,"column":5}},"6":{"start":{"line":26,"column":29},"end":{"line":32,"column":1}},"7":{"start":{"line":27,"column":33},"end":{"line":27,"column":54}},"8":{"start":{"line":28,"column":33},"end":{"line":28,"column":54}},"9":{"start":{"line":29,"column":33},"end":{"line":29,"column":54}},"10":{"start":{"line":30,"column":33},"end":{"line":30,"column":54}},"11":{"start":{"line":31,"column":33},"end":{"line":31,"column":42}},"12":{"start":{"line":43,"column":4},"end":{"line":48,"column":6}},"13":{"start":{"line":52,"column":4},"end":{"line":54,"column":6}},"14":{"start":{"line":58,"column":27},"end":{"line":58,"column":37}},"15":{"start":{"line":60,"column":4},"end":{"line":62,"column":6}},"16":{"start":{"line":66,"column":27},"end":{"line":66,"column":37}},"17":{"start":{"line":67,"column":21},"end":{"line":67,"column":50}},"18":{"start":{"line":69,"column":4},"end":{"line":71,"column":6}},"19":{"start":{"line":75,"column":27},"end":{"line":75,"column":37}},"20":{"start":{"line":76,"column":25},"end":{"line":76,"column":49}},"21":{"start":{"line":78,"column":4},"end":{"line":78,"column":34}},"22":{"start":{"line":78,"column":28},"end":{"line":78,"column":34}},"23":{"start":{"line":80,"column":24},"end":{"line":80,"column":61}},"24":{"start":{"line":81,"column":21},"end":{"line":81,"column":51}},"25":{"start":{"line":83,"column":4},"end":{"line":85,"column":6}},"26":{"start":{"line":89,"column":27},"end":{"line":89,"column":37}},"27":{"start":{"line":91,"column":4},"end":{"line":96,"column":5}},"28":{"start":{"line":92,"column":6},"end":{"line":95,"column":8}},"29":{"start":{"line":100,"column":46},"end":{"line":100,"column":56}},"30":{"start":{"line":102,"column":4},"end":{"line":112,"column":5}},"31":{"start":{"line":103,"column":6},"end":{"line":106,"column":8}},"32":{"start":{"line":108,"column":6},"end":{"line":111,"column":8}},"33":{"start":{"line":116,"column":44},"end":{"line":116,"column":54}},"34":{"start":{"line":117,"column":23},"end":{"line":117,"column":47}},"35":{"start":{"line":119,"column":4},"end":{"line":131,"column":5}},"36":{"start":{"line":120,"column":6},"end":{"line":122,"column":8}},"37":{"start":{"line":123,"column":11},"end":{"line":131,"column":5}},"38":{"start":{"line":124,"column":27},"end":{"line":124,"column":37}},"39":{"start":{"line":125,"column":23},"end":{"line":125,"column":79}},"40":{"start":{"line":127,"column":6},"end":{"line":130,"column":8}},"41":{"start":{"line":133,"column":4},"end":{"line":136,"column":6}},"42":{"start":{"line":140,"column":16},"end":{"line":140,"column":21}},"43":{"start":{"line":142,"column":4},"end":{"line":142,"column":34}},"44":{"start":{"line":142,"column":25},"end":{"line":142,"column":34}},"45":{"start":{"line":144,"column":4},"end":{"line":167,"column":5}},"46":{"start":{"line":145,"column":6},"end":{"line":145,"column":28}},"47":{"start":{"line":146,"column":6},"end":{"line":146,"column":40}},"48":{"start":{"line":147,"column":11},"end":{"line":167,"column":5}},"49":{"start":{"line":148,"column":6},"end":{"line":148,"column":28}},"50":{"start":{"line":149,"column":6},"end":{"line":149,"column":32}},"51":{"start":{"line":150,"column":11},"end":{"line":167,"column":5}},"52":{"start":{"line":151,"column":6},"end":{"line":151,"column":28}},"53":{"start":{"line":152,"column":6},"end":{"line":152,"column":21}},"54":{"start":{"line":153,"column":11},"end":{"line":167,"column":5}},"55":{"start":{"line":154,"column":6},"end":{"line":154,"column":28}},"56":{"start":{"line":155,"column":6},"end":{"line":155,"column":25}},"57":{"start":{"line":156,"column":11},"end":{"line":167,"column":5}},"58":{"start":{"line":157,"column":6},"end":{"line":157,"column":28}},"59":{"start":{"line":158,"column":6},"end":{"line":158,"column":26}},"60":{"start":{"line":159,"column":11},"end":{"line":167,"column":5}},"61":{"start":{"line":160,"column":6},"end":{"line":160,"column":28}},"62":{"start":{"line":162,"column":6},"end":{"line":166,"column":7}},"63":{"start":{"line":163,"column":8},"end":{"line":163,"column":23}},"64":{"start":{"line":165,"column":8},"end":{"line":165,"column":27}},"65":{"start":{"line":171,"column":4},"end":{"line":171,"column":60}},"66":{"start":{"line":172,"column":34},"end":{"line":174,"column":5}},"67":{"start":{"line":175,"column":4},"end":{"line":177,"column":5}},"68":{"start":{"line":176,"column":6},"end":{"line":176,"column":54}},"69":{"start":{"line":181,"column":4},"end":{"line":181,"column":79}},"70":{"start":{"line":185,"column":4},"end":{"line":185,"column":63}},"71":{"start":{"line":189,"column":27},"end":{"line":189,"column":37}},"72":{"start":{"line":191,"column":25},"end":{"line":191,"column":45}},"73":{"start":{"line":192,"column":22},"end":{"line":192,"column":47}},"74":{"start":{"line":194,"column":4},"end":{"line":324,"column":5}},"75":{"start":{"line":203,"column":18},"end":{"line":203,"column":70}},"76":{"start":{"line":210,"column":31},"end":{"line":210,"column":48}},"77":{"start":{"line":216,"column":31},"end":{"line":216,"column":50}},"78":{"start":{"line":224,"column":31},"end":{"line":224,"column":49}},"79":{"start":{"line":230,"column":31},"end":{"line":230,"column":46}},"80":{"start":{"line":236,"column":31},"end":{"line":236,"column":49}},"81":{"start":{"line":242,"column":31},"end":{"line":242,"column":49}},"82":{"start":{"line":248,"column":31},"end":{"line":248,"column":49}},"83":{"start":{"line":254,"column":31},"end":{"line":254,"column":49}},"84":{"start":{"line":260,"column":31},"end":{"line":260,"column":49}},"85":{"start":{"line":266,"column":31},"end":{"line":266,"column":49}},"86":{"start":{"line":272,"column":31},"end":{"line":272,"column":49}},"87":{"start":{"line":278,"column":31},"end":{"line":278,"column":49}},"88":{"start":{"line":284,"column":31},"end":{"line":284,"column":49}},"89":{"start":{"line":293,"column":29},"end":{"line":293,"column":55}},"90":{"start":{"line":299,"column":29},"end":{"line":299,"column":55}},"91":{"start":{"line":305,"column":29},"end":{"line":305,"column":55}},"92":{"start":{"line":311,"column":29},"end":{"line":311,"column":55}},"93":{"start":{"line":317,"column":29},"end":{"line":317,"column":55}}},"fnMap":{"0":{"name":"(anonymous_0)","decl":{"start":{"line":10,"column":10},"end":{"line":10,"column":11}},"loc":{"start":{"line":10,"column":16},"end":{"line":10,"column":71}},"line":10},"1":{"name":"(anonymous_1)","decl":{"start":{"line":10,"column":52},"end":{"line":10,"column":53}},"loc":{"start":{"line":10,"column":59},"end":{"line":10,"column":70}},"line":10},"2":{"name":"(anonymous_2)","decl":{"start":{"line":11,"column":11},"end":{"line":11,"column":12}},"loc":{"start":{"line":11,"column":17},"end":{"line":11,"column":68}},"line":11},"3":{"name":"(anonymous_3)","decl":{"start":{"line":15,"column":2},"end":{"line":15,"column":3}},"loc":{"start":{"line":15,"column":11},"end":{"line":23,"column":3}},"line":15},"4":{"name":"(anonymous_4)","decl":{"start":{"line":27,"column":7},"end":{"line":27,"column":8}},"loc":{"start":{"line":27,"column":33},"end":{"line":27,"column":54}},"line":27},"5":{"name":"(anonymous_5)","decl":{"start":{"line":28,"column":7},"end":{"line":28,"column":8}},"loc":{"start":{"line":28,"column":33},"end":{"line":28,"column":54}},"line":28},"6":{"name":"(anonymous_6)","decl":{"start":{"line":29,"column":7},"end":{"line":29,"column":8}},"loc":{"start":{"line":29,"column":33},"end":{"line":29,"column":54}},"line":29},"7":{"name":"(anonymous_7)","decl":{"start":{"line":30,"column":7},"end":{"line":30,"column":8}},"loc":{"start":{"line":30,"column":33},"end":{"line":30,"column":54}},"line":30},"8":{"name":"(anonymous_8)","decl":{"start":{"line":31,"column":7},"end":{"line":31,"column":8}},"loc":{"start":{"line":31,"column":33},"end":{"line":31,"column":42}},"line":31},"9":{"name":"(anonymous_9)","decl":{"start":{"line":42,"column":2},"end":{"line":42,"column":3}},"loc":{"start":{"line":42,"column":13},"end":{"line":49,"column":3}},"line":42},"10":{"name":"(anonymous_10)","decl":{"start":{"line":51,"column":2},"end":{"line":51,"column":3}},"loc":{"start":{"line":51,"column":17},"end":{"line":55,"column":3}},"line":51},"11":{"name":"(anonymous_11)","decl":{"start":{"line":57,"column":2},"end":{"line":57,"column":3}},"loc":{"start":{"line":57,"column":18},"end":{"line":63,"column":3}},"line":57},"12":{"name":"(anonymous_12)","decl":{"start":{"line":65,"column":2},"end":{"line":65,"column":3}},"loc":{"start":{"line":65,"column":15},"end":{"line":72,"column":3}},"line":65},"13":{"name":"(anonymous_13)","decl":{"start":{"line":74,"column":2},"end":{"line":74,"column":3}},"loc":{"start":{"line":74,"column":17},"end":{"line":86,"column":3}},"line":74},"14":{"name":"(anonymous_14)","decl":{"start":{"line":88,"column":2},"end":{"line":88,"column":3}},"loc":{"start":{"line":88,"column":13},"end":{"line":97,"column":3}},"line":88},"15":{"name":"(anonymous_15)","decl":{"start":{"line":99,"column":2},"end":{"line":99,"column":3}},"loc":{"start":{"line":99,"column":20},"end":{"line":113,"column":3}},"line":99},"16":{"name":"(anonymous_16)","decl":{"start":{"line":115,"column":2},"end":{"line":115,"column":3}},"loc":{"start":{"line":115,"column":33},"end":{"line":137,"column":3}},"line":115},"17":{"name":"(anonymous_17)","decl":{"start":{"line":139,"column":18},"end":{"line":139,"column":19}},"loc":{"start":{"line":139,"column":27},"end":{"line":168,"column":3}},"line":139},"18":{"name":"(anonymous_18)","decl":{"start":{"line":170,"column":2},"end":{"line":170,"column":3}},"loc":{"start":{"line":170,"column":22},"end":{"line":178,"column":3}},"line":170},"19":{"name":"(anonymous_19)","decl":{"start":{"line":180,"column":2},"end":{"line":180,"column":3}},"loc":{"start":{"line":180,"column":23},"end":{"line":182,"column":3}},"line":180},"20":{"name":"(anonymous_20)","decl":{"start":{"line":184,"column":2},"end":{"line":184,"column":3}},"loc":{"start":{"line":184,"column":25},"end":{"line":186,"column":3}},"line":184},"21":{"name":"(anonymous_21)","decl":{"start":{"line":188,"column":2},"end":{"line":188,"column":3}},"loc":{"start":{"line":188,"column":11},"end":{"line":325,"column":3}},"line":188},"22":{"name":"(anonymous_22)","decl":{"start":{"line":202,"column":25},"end":{"line":202,"column":26}},"loc":{"start":{"line":203,"column":18},"end":{"line":203,"column":70}},"line":203},"23":{"name":"(anonymous_23)","decl":{"start":{"line":210,"column":25},"end":{"line":210,"column":26}},"loc":{"start":{"line":210,"column":31},"end":{"line":210,"column":48}},"line":210},"24":{"name":"(anonymous_24)","decl":{"start":{"line":216,"column":25},"end":{"line":216,"column":26}},"loc":{"start":{"line":216,"column":31},"end":{"line":216,"column":50}},"line":216},"25":{"name":"(anonymous_25)","decl":{"start":{"line":224,"column":25},"end":{"line":224,"column":26}},"loc":{"start":{"line":224,"column":31},"end":{"line":224,"column":49}},"line":224},"26":{"name":"(anonymous_26)","decl":{"start":{"line":230,"column":25},"end":{"line":230,"column":26}},"loc":{"start":{"line":230,"column":31},"end":{"line":230,"column":46}},"line":230},"27":{"name":"(anonymous_27)","decl":{"start":{"line":236,"column":25},"end":{"line":236,"column":26}},"loc":{"start":{"line":236,"column":31},"end":{"line":236,"column":49}},"line":236},"28":{"name":"(anonymous_28)","decl":{"start":{"line":242,"column":25},"end":{"line":242,"column":26}},"loc":{"start":{"line":242,"column":31},"end":{"line":242,"column":49}},"line":242},"29":{"name":"(anonymous_29)","decl":{"start":{"line":248,"column":25},"end":{"line":248,"column":26}},"loc":{"start":{"line":248,"column":31},"end":{"line":248,"column":49}},"line":248},"30":{"name":"(anonymous_30)","decl":{"start":{"line":254,"column":25},"end":{"line":254,"column":26}},"loc":{"start":{"line":254,"column":31},"end":{"line":254,"column":49}},"line":254},"31":{"name":"(anonymous_31)","decl":{"start":{"line":260,"column":25},"end":{"line":260,"column":26}},"loc":{"start":{"line":260,"column":31},"end":{"line":260,"column":49}},"line":260},"32":{"name":"(anonymous_32)","decl":{"start":{"line":266,"column":25},"end":{"line":266,"column":26}},"loc":{"start":{"line":266,"column":31},"end":{"line":266,"column":49}},"line":266},"33":{"name":"(anonymous_33)","decl":{"start":{"line":272,"column":25},"end":{"line":272,"column":26}},"loc":{"start":{"line":272,"column":31},"end":{"line":272,"column":49}},"line":272},"34":{"name":"(anonymous_34)","decl":{"start":{"line":278,"column":25},"end":{"line":278,"column":26}},"loc":{"start":{"line":278,"column":31},"end":{"line":278,"column":49}},"line":278},"35":{"name":"(anonymous_35)","decl":{"start":{"line":284,"column":25},"end":{"line":284,"column":26}},"loc":{"start":{"line":284,"column":31},"end":{"line":284,"column":49}},"line":284},"36":{"name":"(anonymous_36)","decl":{"start":{"line":293,"column":23},"end":{"line":293,"column":24}},"loc":{"start":{"line":293,"column":29},"end":{"line":293,"column":55}},"line":293},"37":{"name":"(anonymous_37)","decl":{"start":{"line":299,"column":23},"end":{"line":299,"column":24}},"loc":{"start":{"line":299,"column":29},"end":{"line":299,"column":55}},"line":299},"38":{"name":"(anonymous_38)","decl":{"start":{"line":305,"column":23},"end":{"line":305,"column":24}},"loc":{"start":{"line":305,"column":29},"end":{"line":305,"column":55}},"line":305},"39":{"name":"(anonymous_39)","decl":{"start":{"line":311,"column":23},"end":{"line":311,"column":24}},"loc":{"start":{"line":311,"column":29},"end":{"line":311,"column":55}},"line":311},"40":{"name":"(anonymous_40)","decl":{"start":{"line":317,"column":23},"end":{"line":317,"column":24}},"loc":{"start":{"line":317,"column":29},"end":{"line":317,"column":55}},"line":317}},"branchMap":{"0":{"loc":{"start":{"line":16,"column":20},"end":{"line":16,"column":34}},"type":"default-arg","locations":[{"start":{"line":16,"column":32},"end":{"line":16,"column":34}}],"line":16},"1":{"loc":{"start":{"line":61,"column":20},"end":{"line":61,"column":77}},"type":"binary-expr","locations":[{"start":{"line":61,"column":20},"end":{"line":61,"column":70}},{"start":{"line":61,"column":74},"end":{"line":61,"column":77}}],"line":61},"2":{"loc":{"start":{"line":78,"column":4},"end":{"line":78,"column":34}},"type":"if","locations":[{"start":{"line":78,"column":4},"end":{"line":78,"column":34}},{"start":{"line":78,"column":4},"end":{"line":78,"column":34}}],"line":78},"3":{"loc":{"start":{"line":91,"column":4},"end":{"line":96,"column":5}},"type":"if","locations":[{"start":{"line":91,"column":4},"end":{"line":96,"column":5}},{"start":{"line":91,"column":4},"end":{"line":96,"column":5}}],"line":91},"4":{"loc":{"start":{"line":102,"column":4},"end":{"line":112,"column":5}},"type":"if","locations":[{"start":{"line":102,"column":4},"end":{"line":112,"column":5}},{"start":{"line":102,"column":4},"end":{"line":112,"column":5}}],"line":102},"5":{"loc":{"start":{"line":110,"column":10},"end":{"line":110,"column":69}},"type":"cond-expr","locations":[{"start":{"line":110,"column":33},"end":{"line":110,"column":46}},{"start":{"line":110,"column":49},"end":{"line":110,"column":69}}],"line":110},"6":{"loc":{"start":{"line":119,"column":4},"end":{"line":131,"column":5}},"type":"if","locations":[{"start":{"line":119,"column":4},"end":{"line":131,"column":5}},{"start":{"line":119,"column":4},"end":{"line":131,"column":5}}],"line":119},"7":{"loc":{"start":{"line":123,"column":11},"end":{"line":131,"column":5}},"type":"if","locations":[{"start":{"line":123,"column":11},"end":{"line":131,"column":5}},{"start":{"line":123,"column":11},"end":{"line":131,"column":5}}],"line":123},"8":{"loc":{"start":{"line":124,"column":27},"end":{"line":124,"column":37}},"type":"binary-expr","locations":[{"start":{"line":124,"column":27},"end":{"line":124,"column":32}},{"start":{"line":124,"column":36},"end":{"line":124,"column":37}}],"line":124},"9":{"loc":{"start":{"line":142,"column":4},"end":{"line":142,"column":34}},"type":"if","locations":[{"start":{"line":142,"column":4},"end":{"line":142,"column":34}},{"start":{"line":142,"column":4},"end":{"line":142,"column":34}}],"line":142},"10":{"loc":{"start":{"line":144,"column":4},"end":{"line":167,"column":5}},"type":"if","locations":[{"start":{"line":144,"column":4},"end":{"line":167,"column":5}},{"start":{"line":144,"column":4},"end":{"line":167,"column":5}}],"line":144},"11":{"loc":{"start":{"line":147,"column":11},"end":{"line":167,"column":5}},"type":"if","locations":[{"start":{"line":147,"column":11},"end":{"line":167,"column":5}},{"start":{"line":147,"column":11},"end":{"line":167,"column":5}}],"line":147},"12":{"loc":{"start":{"line":150,"column":11},"end":{"line":167,"column":5}},"type":"if","locations":[{"start":{"line":150,"column":11},"end":{"line":167,"column":5}},{"start":{"line":150,"column":11},"end":{"line":167,"column":5}}],"line":150},"13":{"loc":{"start":{"line":153,"column":11},"end":{"line":167,"column":5}},"type":"if","locations":[{"start":{"line":153,"column":11},"end":{"line":167,"column":5}},{"start":{"line":153,"column":11},"end":{"line":167,"column":5}}],"line":153},"14":{"loc":{"start":{"line":156,"column":11},"end":{"line":167,"column":5}},"type":"if","locations":[{"start":{"line":156,"column":11},"end":{"line":167,"column":5}},{"start":{"line":156,"column":11},"end":{"line":167,"column":5}}],"line":156},"15":{"loc":{"start":{"line":159,"column":11},"end":{"line":167,"column":5}},"type":"if","locations":[{"start":{"line":159,"column":11},"end":{"line":167,"column":5}},{"start":{"line":159,"column":11},"end":{"line":167,"column":5}}],"line":159},"16":{"loc":{"start":{"line":162,"column":6},"end":{"line":166,"column":7}},"type":"if","locations":[{"start":{"line":162,"column":6},"end":{"line":166,"column":7}},{"start":{"line":162,"column":6},"end":{"line":166,"column":7}}],"line":162},"17":{"loc":{"start":{"line":175,"column":4},"end":{"line":177,"column":5}},"type":"if","locations":[{"start":{"line":175,"column":4},"end":{"line":177,"column":5}},{"start":{"line":175,"column":4},"end":{"line":177,"column":5}}],"line":175},"18":{"loc":{"start":{"line":192,"column":22},"end":{"line":192,"column":47}},"type":"cond-expr","locations":[{"start":{"line":192,"column":37},"end":{"line":192,"column":40}},{"start":{"line":192,"column":43},"end":{"line":192,"column":47}}],"line":192},"19":{"loc":{"start":{"line":203,"column":18},"end":{"line":203,"column":70}},"type":"cond-expr","locations":[{"start":{"line":203,"column":33},"end":{"line":203,"column":52}},{"start":{"line":203,"column":55},"end":{"line":203,"column":70}}],"line":203}},"s":{"0":1,"1":1,"2":1,"3":1,"4":19,"5":19,"6":1,"7":0,"8":0,"9":0,"10":0,"11":0,"12":0,"13":0,"14":0,"15":0,"16":0,"17":0,"18":0,"19":0,"20":0,"21":0,"22":0,"23":0,"24":0,"25":0,"26":0,"27":0,"28":0,"29":0,"30":0,"31":0,"32":0,"33":0,"34":0,"35":0,"36":0,"37":0,"38":0,"39":0,"40":0,"41":0,"42":0,"43":0,"44":0,"45":0,"46":0,"47":0,"48":0,"49":0,"50":0,"51":0,"52":0,"53":0,"54":0,"55":0,"56":0,"57":0,"58":0,"59":0,"60":0,"61":0,"62":0,"63":0,"64":0,"65":1,"66":1,"67":1,"68":0,"69":0,"70":0,"71":1,"72":1,"73":1,"74":1,"75":0,"76":0,"77":0,"78":0,"79":0,"80":0,"81":0,"82":0,"83":0,"84":0,"85":0,"86":0,"87":0,"88":0,"89":0,"90":0,"91":0,"92":0,"93":0},"f":{"0":1,"1":1,"2":1,"3":19,"4":0,"5":0,"6":0,"7":0,"8":0,"9":0,"10":0,"11":0,"12":0,"13":0,"14":0,"15":0,"16":0,"17":0,"18":1,"19":0,"20":0,"21":1,"22":0,"23":0,"24":0,"25":0,"26":0,"27":0,"28":0,"29":0,"30":0,"31":0,"32":0,"33":0,"34":0,"35":0,"36":0,"37":0,"38":0,"39":0,"40":0},"b":{"0":[0],"1":[0,0],"2":[0,0],"3":[0,0],"4":[0,0],"5":[0,0],"6":[0,0],"7":[0,0],"8":[0,0],"9":[0,0],"10":[0,0],"11":[0,0],"12":[0,0],"13":[0,0],"14":[0,0],"15":[0,0],"16":[0,0],"17":[0,1],"18":[0,1],"19":[0,0]},"_coverageSchema":"332fd63041d2c1bcb487cc26dd0d5f7d97098a6c","hash":"218b01fe729b7c14eaabf286ce05cfcc7bfcb167"}
,"D:\\Laboratory\\Webwork\\javascript\\testing\\kent-c-dodds-testing-react-app-v2\\testing-simple-calculator-app\\calculator\\src\\index.js": {"path":"D:\\Laboratory\\Webwork\\javascript\\testing\\kent-c-dodds-testing-react-app-v2\\testing-simple-calculator-app\\calculator\\src\\index.js","statementMap":{"0":{"start":{"line":1,"column":0},"end":{"line":null,"column":-1}},"1":{"start":{"line":2,"column":0},"end":{"line":null,"column":-1}},"2":{"start":{"line":3,"column":0},"end":{"line":null,"column":-1}},"3":{"start":{"line":4,"column":0},"end":{"line":null,"column":-1}},"4":{"start":{"line":6,"column":0},"end":{"line":null,"column":-1}}},"fnMap":{},"branchMap":{},"s":{"0":0,"1":0,"2":0,"3":0,"4":0},"f":{},"b":{}}
,"D:\\Laboratory\\Webwork\\javascript\\testing\\kent-c-dodds-testing-react-app-v2\\testing-simple-calculator-app\\calculator\\src\\utils.js": {"path":"D:\\Laboratory\\Webwork\\javascript\\testing\\kent-c-dodds-testing-react-app-v2\\testing-simple-calculator-app\\calculator\\src\\utils.js","statementMap":{"0":{"start":{"line":2,"column":23},"end":{"line":5,"column":4}},"1":{"start":{"line":8,"column":16},"end":{"line":8,"column":42}},"2":{"start":{"line":10,"column":2},"end":{"line":12,"column":3}},"3":{"start":{"line":11,"column":4},"end":{"line":11,"column":66}},"4":{"start":{"line":13,"column":2},"end":{"line":13,"column":23}}},"fnMap":{"0":{"name":"getFormattedValue","decl":{"start":{"line":1,"column":9},"end":{"line":1,"column":26}},"loc":{"start":{"line":1,"column":54},"end":{"line":14,"column":1}},"line":1}},"branchMap":{"0":{"loc":{"start":{"line":1,"column":34},"end":{"line":1,"column":52}},"type":"default-arg","locations":[{"start":{"line":1,"column":45},"end":{"line":1,"column":52}}],"line":1},"1":{"loc":{"start":{"line":10,"column":2},"end":{"line":12,"column":3}},"type":"if","locations":[{"start":{"line":10,"column":2},"end":{"line":12,"column":3}},{"start":{"line":10,"column":2},"end":{"line":12,"column":3}}],"line":10},"2":{"loc":{"start":{"line":11,"column":22},"end":{"line":11,"column":66}},"type":"cond-expr","locations":[{"start":{"line":11,"column":47},"end":{"line":11,"column":55}},{"start":{"line":11,"column":58},"end":{"line":11,"column":66}}],"line":11}},"s":{"0":2,"1":2,"2":2,"3":1,"4":2},"f":{"0":2},"b":{"0":[1],"1":[1,1],"2":[0,1]},"_coverageSchema":"332fd63041d2c1bcb487cc26dd0d5f7d97098a6c","hash":"fe0bdab31dac1c46eec3f3d7cc34d03b0bae25d1"}
}
