TN:
SF:D:\Laboratory\Webwork\javascript\testing\kent-c-dodds-testing-react-app-v2\testing-simple-calculator-app\calculator\src\auto-scaling-text.js
FN:9,(anonymous_0)
FN:28,(anonymous_1)
FN:35,(anonymous_2)
FNF:3
FNH:2
FNDA:0,(anonymous_0)
FNDA:2,(anonymous_1)
FNDA:2,(anonymous_2)
DA:10,0
DA:12,0
DA:13,0
DA:15,0
DA:16,0
DA:17,0
DA:19,0
DA:21,0
DA:22,0
DA:23,0
DA:24,0
DA:29,2
DA:31,2
DA:35,2
LF:14
LH:3
BRDA:19,0,0,0
BRDA:19,0,1,0
BRDA:21,1,0,0
BRDA:21,1,1,0
BRDA:23,2,0,0
BRDA:23,2,1,0
BRF:6
BRH:0
end_of_record
TN:
SF:D:\Laboratory\Webwork\javascript\testing\kent-c-dodds-testing-react-app-v2\testing-simple-calculator-app\calculator\src\calculator-display.js
FN:7,(anonymous_0)
FNF:1
FNH:1
FNDA:1,(anonymous_0)
DA:8,1
DA:9,1
DA:11,1
LF:3
LH:3
BRF:0
BRH:0
end_of_record
TN:
SF:D:\Laboratory\Webwork\javascript\testing\kent-c-dodds-testing-react-app-v2\testing-simple-calculator-app\calculator\src\calculator.js
FN:10,(anonymous_0)
FN:10,(anonymous_1)
FN:11,(anonymous_2)
FN:15,(anonymous_3)
FN:27,(anonymous_4)
FN:28,(anonymous_5)
FN:29,(anonymous_6)
FN:30,(anonymous_7)
FN:31,(anonymous_8)
FN:42,(anonymous_9)
FN:51,(anonymous_10)
FN:57,(anonymous_11)
FN:65,(anonymous_12)
FN:74,(anonymous_13)
FN:88,(anonymous_14)
FN:99,(anonymous_15)
FN:115,(anonymous_16)
FN:139,(anonymous_17)
FN:170,(anonymous_18)
FN:180,(anonymous_19)
FN:184,(anonymous_20)
FN:188,(anonymous_21)
FN:202,(anonymous_22)
FN:210,(anonymous_23)
FN:216,(anonymous_24)
FN:224,(anonymous_25)
FN:230,(anonymous_26)
FN:236,(anonymous_27)
FN:242,(anonymous_28)
FN:248,(anonymous_29)
FN:254,(anonymous_30)
FN:260,(anonymous_31)
FN:266,(anonymous_32)
FN:272,(anonymous_33)
FN:278,(anonymous_34)
FN:284,(anonymous_35)
FN:293,(anonymous_36)
FN:299,(anonymous_37)
FN:305,(anonymous_38)
FN:311,(anonymous_39)
FN:317,(anonymous_40)
FNF:41
FNH:6
FNDA:1,(anonymous_0)
FNDA:1,(anonymous_1)
FNDA:1,(anonymous_2)
FNDA:19,(anonymous_3)
FNDA:0,(anonymous_4)
FNDA:0,(anonymous_5)
FNDA:0,(anonymous_6)
FNDA:0,(anonymous_7)
FNDA:0,(anonymous_8)
FNDA:0,(anonymous_9)
FNDA:0,(anonymous_10)
FNDA:0,(anonymous_11)
FNDA:0,(anonymous_12)
FNDA:0,(anonymous_13)
FNDA:0,(anonymous_14)
FNDA:0,(anonymous_15)
FNDA:0,(anonymous_16)
FNDA:0,(anonymous_17)
FNDA:1,(anonymous_18)
FNDA:0,(anonymous_19)
FNDA:0,(anonymous_20)
FNDA:1,(anonymous_21)
FNDA:0,(anonymous_22)
FNDA:0,(anonymous_23)
FNDA:0,(anonymous_24)
FNDA:0,(anonymous_25)
FNDA:0,(anonymous_26)
FNDA:0,(anonymous_27)
FNDA:0,(anonymous_28)
FNDA:0,(anonymous_29)
FNDA:0,(anonymous_30)
FNDA:0,(anonymous_31)
FNDA:0,(anonymous_32)
FNDA:0,(anonymous_33)
FNDA:0,(anonymous_34)
FNDA:0,(anonymous_35)
FNDA:0,(anonymous_36)
FNDA:0,(anonymous_37)
FNDA:0,(anonymous_38)
FNDA:0,(anonymous_39)
FNDA:0,(anonymous_40)
DA:9,1
DA:10,1
DA:11,1
DA:16,19
DA:18,19
DA:26,1
DA:27,0
DA:28,0
DA:29,0
DA:30,0
DA:31,0
DA:43,0
DA:52,0
DA:58,0
DA:60,0
DA:66,0
DA:67,0
DA:69,0
DA:75,0
DA:76,0
DA:78,0
DA:80,0
DA:81,0
DA:83,0
DA:89,0
DA:91,0
DA:92,0
DA:100,0
DA:102,0
DA:103,0
DA:108,0
DA:116,0
DA:117,0
DA:119,0
DA:120,0
DA:123,0
DA:124,0
DA:125,0
DA:127,0
DA:133,0
DA:140,0
DA:142,0
DA:144,0
DA:145,0
DA:146,0
DA:147,0
DA:148,0
DA:149,0
DA:150,0
DA:151,0
DA:152,0
DA:153,0
DA:154,0
DA:155,0
DA:156,0
DA:157,0
DA:158,0
DA:159,0
DA:160,0
DA:162,0
DA:163,0
DA:165,0
DA:171,1
DA:172,1
DA:175,1
DA:176,0
DA:181,0
DA:185,0
DA:189,1
DA:191,1
DA:192,1
DA:194,1
DA:203,0
DA:210,0
DA:216,0
DA:224,0
DA:230,0
DA:236,0
DA:242,0
DA:248,0
DA:254,0
DA:260,0
DA:266,0
DA:272,0
DA:278,0
DA:284,0
DA:293,0
DA:299,0
DA:305,0
DA:311,0
DA:317,0
LF:91
LH:13
BRDA:16,0,0,0
BRDA:61,1,0,0
BRDA:61,1,1,0
BRDA:78,2,0,0
BRDA:78,2,1,0
BRDA:91,3,0,0
BRDA:91,3,1,0
BRDA:102,4,0,0
BRDA:102,4,1,0
BRDA:110,5,0,0
BRDA:110,5,1,0
BRDA:119,6,0,0
BRDA:119,6,1,0
BRDA:123,7,0,0
BRDA:123,7,1,0
BRDA:124,8,0,0
BRDA:124,8,1,0
BRDA:142,9,0,0
BRDA:142,9,1,0
BRDA:144,10,0,0
BRDA:144,10,1,0
BRDA:147,11,0,0
BRDA:147,11,1,0
BRDA:150,12,0,0
BRDA:150,12,1,0
BRDA:153,13,0,0
BRDA:153,13,1,0
BRDA:156,14,0,0
BRDA:156,14,1,0
BRDA:159,15,0,0
BRDA:159,15,1,0
BRDA:162,16,0,0
BRDA:162,16,1,0
BRDA:175,17,0,0
BRDA:175,17,1,1
BRDA:192,18,0,0
BRDA:192,18,1,1
BRDA:203,19,0,0
BRDA:203,19,1,0
BRF:39
BRH:2
end_of_record
TN:
SF:D:\Laboratory\Webwork\javascript\testing\kent-c-dodds-testing-react-app-v2\testing-simple-calculator-app\calculator\src\index.js
FNF:0
FNH:0
DA:1,0
DA:2,0
DA:3,0
DA:4,0
DA:6,0
LF:5
LH:0
BRF:0
BRH:0
end_of_record
TN:
SF:D:\Laboratory\Webwork\javascript\testing\kent-c-dodds-testing-react-app-v2\testing-simple-calculator-app\calculator\src\utils.js
FN:1,getFormattedValue
FNF:1
FNH:1
FNDA:2,getFormattedValue
DA:2,2
DA:8,2
DA:10,2
DA:11,1
DA:13,2
LF:5
LH:5
BRDA:1,0,0,1
BRDA:10,1,0,1
BRDA:10,1,1,1
BRDA:11,2,0,0
BRDA:11,2,1,1
BRF:5
BRH:4
end_of_record
